make[3]: Entering directory '/secure/user/mel/archlinux-1/home/.work/my/acute/example-project/tests'
PASS: an-example-test 1
PASS: an-example-test 2
PASS: an-example-test 3
FAIL: sample-test-1 1
FAIL: sample-test-1 2
============================================================================
Testsuite summary for example-autotools-project 0.1
============================================================================
# TOTAL: 5
# PASS:  3
# SKIP:  0
# XFAIL: 0
# FAIL:  2
# XPASS: 0
# ERROR: 0
============================================================================
See tests/test-suite.log
Please report to bug@example.org
============================================================================
make[3]: *** [Makefile:589: test-suite.log] Error 1
